.\Debug\VehicleFlowCounter.ilk
.\Debug\VehicleFlowCounter.pdb
C:\USERS\ADMINISTRATOR\DESKTOP\CAR DETECTION\DEBUG\AVIPRODUCER.OBJ
C:\USERS\ADMINISTRATOR\DESKTOP\CAR DETECTION\DEBUG\DIB.OBJ
C:\USERS\ADMINISTRATOR\DESKTOP\CAR DETECTION\DEBUG\FRAMERATEDLG.OBJ
C:\USERS\ADMINISTRATOR\DESKTOP\CAR DETECTION\DEBUG\IMAGEDEAL.OBJ
C:\USERS\ADMINISTRATOR\DESKTOP\CAR DETECTION\DEBUG\IMAGEDEAL1.OBJ
C:\USERS\ADMINISTRATOR\DESKTOP\CAR DETECTION\DEBUG\IMAGEDEAL2.OBJ
C:\USERS\ADMINISTRATOR\DESKTOP\CAR DETECTION\DEBUG\IMAGEDEAL3.OBJ
C:\USERS\ADMINISTRATOR\DESKTOP\CAR DETECTION\DEBUG\KIRSCHEDGEDETECT.OBJ
C:\USERS\ADMINISTRATOR\DESKTOP\CAR DETECTION\DEBUG\LINESIGNAL.OBJ
C:\USERS\ADMINISTRATOR\DESKTOP\CAR DETECTION\DEBUG\MAINFRM.OBJ
C:\USERS\ADMINISTRATOR\DESKTOP\CAR DETECTION\DEBUG\MATHMORPHOLOGY.OBJ
C:\USERS\ADMINISTRATOR\DESKTOP\CAR DETECTION\DEBUG\SETCHECKLINEDLG.OBJ
C:\USERS\ADMINISTRATOR\DESKTOP\CAR DETECTION\DEBUG\SETROADWAYPARADLG.OBJ
C:\USERS\ADMINISTRATOR\DESKTOP\CAR DETECTION\DEBUG\STDAFX.OBJ
C:\USERS\ADMINISTRATOR\DESKTOP\CAR DETECTION\DEBUG\TOTALPARAMETERVIEW.OBJ
C:\USERS\ADMINISTRATOR\DESKTOP\CAR DETECTION\DEBUG\TRANSFLOWPARA.OBJ
C:\USERS\ADMINISTRATOR\DESKTOP\CAR DETECTION\DEBUG\VC100.PDB
C:\USERS\ADMINISTRATOR\DESKTOP\CAR DETECTION\DEBUG\VEHICLEFLOWCOUNTER.EXE.EMBED.MANIFEST.RES
C:\USERS\ADMINISTRATOR\DESKTOP\CAR DETECTION\DEBUG\VEHICLEFLOWCOUNTER.OBJ
C:\USERS\ADMINISTRATOR\DESKTOP\CAR DETECTION\DEBUG\VEHICLEFLOWCOUNTER.PCH
C:\USERS\ADMINISTRATOR\DESKTOP\CAR DETECTION\DEBUG\VEHICLEFLOWCOUNTER.RES
C:\USERS\ADMINISTRATOR\DESKTOP\CAR DETECTION\DEBUG\VEHICLEFLOWCOUNTERDOC.OBJ
C:\USERS\ADMINISTRATOR\DESKTOP\CAR DETECTION\DEBUG\VEHICLEFLOWCOUNTERVIEW.OBJ
D:\SOFTWARE\CAR DETECTION\DEBUG\AVIPRODUCER.OBJ
D:\SOFTWARE\CAR DETECTION\DEBUG\DIB.OBJ
D:\SOFTWARE\CAR DETECTION\DEBUG\FRAMERATEDLG.OBJ
D:\SOFTWARE\CAR DETECTION\DEBUG\KIRSCHEDGEDETECT.OBJ
D:\SOFTWARE\CAR DETECTION\DEBUG\MAINFRM.OBJ
D:\SOFTWARE\CAR DETECTION\DEBUG\MATHMORPHOLOGY.OBJ
D:\SOFTWARE\CAR DETECTION\DEBUG\SETCHECKLINEDLG.OBJ
D:\SOFTWARE\CAR DETECTION\DEBUG\SETROADWAYPARADLG.OBJ
D:\SOFTWARE\CAR DETECTION\DEBUG\STDAFX.OBJ
D:\SOFTWARE\CAR DETECTION\DEBUG\TOTALPARAMETERVIEW.OBJ
D:\SOFTWARE\CAR DETECTION\DEBUG\TRANSFLOWPARA.OBJ
D:\SOFTWARE\CAR DETECTION\DEBUG\VC100.PDB
D:\SOFTWARE\CAR DETECTION\DEBUG\VEHICLEFLOWCOUNTER.OBJ
D:\SOFTWARE\CAR DETECTION\DEBUG\VEHICLEFLOWCOUNTER.PCH
D:\SOFTWARE\CAR DETECTION\DEBUG\VEHICLEFLOWCOUNTERDOC.OBJ
D:\SOFTWARE\CAR DETECTION\DEBUG\VEHICLEFLOWCOUNTERVIEW.OBJ
D:\外面接手项目\卢老师车辆检测\car detection\.\Debug\VehicleFlowCounter.exe
D:\外面接手项目\卢老师车辆检测\car detection\.\Debug\VehicleFlowCounter.exe.intermediate.manifest
D:\外面接手项目\卢老师车辆检测\CAR DETECTION\DEBUG\AVIPRODUCER.OBJ
D:\外面接手项目\卢老师车辆检测\car detection\Debug\cl.command.1.tlog
D:\外面接手项目\卢老师车辆检测\car detection\Debug\CL.read.1.tlog
D:\外面接手项目\卢老师车辆检测\car detection\Debug\CL.write.1.tlog
D:\外面接手项目\卢老师车辆检测\CAR DETECTION\DEBUG\DIB.OBJ
D:\外面接手项目\卢老师车辆检测\CAR DETECTION\DEBUG\FRAMERATEDLG.OBJ
D:\外面接手项目\卢老师车辆检测\CAR DETECTION\DEBUG\IMAGEDEAL.OBJ
D:\外面接手项目\卢老师车辆检测\CAR DETECTION\DEBUG\IMAGEDEAL1.OBJ
D:\外面接手项目\卢老师车辆检测\CAR DETECTION\DEBUG\IMAGEDEAL2.OBJ
D:\外面接手项目\卢老师车辆检测\CAR DETECTION\DEBUG\IMAGEDEAL3.OBJ
D:\外面接手项目\卢老师车辆检测\CAR DETECTION\DEBUG\KIRSCHEDGEDETECT.OBJ
D:\外面接手项目\卢老师车辆检测\CAR DETECTION\DEBUG\LINESIGNAL.OBJ
D:\外面接手项目\卢老师车辆检测\car detection\Debug\link.4604.read.1.tlog
D:\外面接手项目\卢老师车辆检测\car detection\Debug\link.4604.write.1.tlog
D:\外面接手项目\卢老师车辆检测\car detection\Debug\link.4604-cvtres.read.1.tlog
D:\外面接手项目\卢老师车辆检测\car detection\Debug\link.4604-cvtres.write.1.tlog
D:\外面接手项目\卢老师车辆检测\car detection\Debug\link.command.1.tlog
D:\外面接手项目\卢老师车辆检测\car detection\Debug\link.read.1.tlog
D:\外面接手项目\卢老师车辆检测\car detection\Debug\link.write.1.tlog
D:\外面接手项目\卢老师车辆检测\car detection\Debug\link-cvtres.read.1.tlog
D:\外面接手项目\卢老师车辆检测\car detection\Debug\link-cvtres.write.1.tlog
D:\外面接手项目\卢老师车辆检测\CAR DETECTION\DEBUG\MAINFRM.OBJ
D:\外面接手项目\卢老师车辆检测\CAR DETECTION\DEBUG\MATHMORPHOLOGY.OBJ
D:\外面接手项目\卢老师车辆检测\car detection\Debug\mt.command.1.tlog
D:\外面接手项目\卢老师车辆检测\car detection\Debug\mt.read.1.tlog
D:\外面接手项目\卢老师车辆检测\car detection\Debug\mt.write.1.tlog
D:\外面接手项目\卢老师车辆检测\car detection\Debug\rc.command.1.tlog
D:\外面接手项目\卢老师车辆检测\car detection\Debug\rc.read.1.tlog
D:\外面接手项目\卢老师车辆检测\car detection\Debug\rc.write.1.tlog
D:\外面接手项目\卢老师车辆检测\CAR DETECTION\DEBUG\SETCHECKLINEDLG.OBJ
D:\外面接手项目\卢老师车辆检测\CAR DETECTION\DEBUG\SETROADWAYPARADLG.OBJ
D:\外面接手项目\卢老师车辆检测\CAR DETECTION\DEBUG\STDAFX.OBJ
D:\外面接手项目\卢老师车辆检测\CAR DETECTION\DEBUG\TOTALPARAMETERVIEW.OBJ
D:\外面接手项目\卢老师车辆检测\CAR DETECTION\DEBUG\TRANSFLOWPARA.OBJ
D:\外面接手项目\卢老师车辆检测\car detection\Debug\vc100.idb
D:\外面接手项目\卢老师车辆检测\CAR DETECTION\DEBUG\VC100.PDB
D:\外面接手项目\卢老师车辆检测\car detection\Debug\vc60.idb
D:\外面接手项目\卢老师车辆检测\car detection\Debug\vc60.pdb
D:\外面接手项目\卢老师车辆检测\car detection\Debug\vc70.idb
D:\外面接手项目\卢老师车辆检测\car detection\Debug\vc70.pdb
D:\外面接手项目\卢老师车辆检测\CAR DETECTION\DEBUG\VEHICLEFLOWCOUNTER.EXE
D:\外面接手项目\卢老师车辆检测\car detection\Debug\VehicleFlowCounter.exe.embed.manifest
D:\外面接手项目\卢老师车辆检测\CAR DETECTION\DEBUG\VEHICLEFLOWCOUNTER.EXE.EMBED.MANIFEST.RES
D:\外面接手项目\卢老师车辆检测\CAR DETECTION\DEBUG\VEHICLEFLOWCOUNTER.EXE.INTERMEDIATE.MANIFEST
D:\外面接手项目\卢老师车辆检测\CAR DETECTION\DEBUG\VEHICLEFLOWCOUNTER.ILK
D:\外面接手项目\卢老师车辆检测\CAR DETECTION\DEBUG\VEHICLEFLOWCOUNTER.OBJ
D:\外面接手项目\卢老师车辆检测\CAR DETECTION\DEBUG\VEHICLEFLOWCOUNTER.PCH
D:\外面接手项目\卢老师车辆检测\CAR DETECTION\DEBUG\VEHICLEFLOWCOUNTER.PDB
D:\外面接手项目\卢老师车辆检测\CAR DETECTION\DEBUG\VEHICLEFLOWCOUNTER.RES
D:\外面接手项目\卢老师车辆检测\car detection\Debug\VehicleFlowCounter.vcxprojResolveAssemblyReference.cache
D:\外面接手项目\卢老师车辆检测\car detection\Debug\VehicleFlowCounter.write.1.tlog
D:\外面接手项目\卢老师车辆检测\car detection\Debug\VehicleFlowCounter_manifest.rc
D:\外面接手项目\卢老师车辆检测\CAR DETECTION\DEBUG\VEHICLEFLOWCOUNTERDOC.OBJ
D:\外面接手项目\卢老师车辆检测\CAR DETECTION\DEBUG\VEHICLEFLOWCOUNTERVIEW.OBJ
E:\桌面\CAR DETECTION\DEBUG\AVIPRODUCER.OBJ
E:\桌面\CAR DETECTION\DEBUG\DIB.OBJ
E:\桌面\CAR DETECTION\DEBUG\FRAMERATEDLG.OBJ
E:\桌面\CAR DETECTION\DEBUG\IMAGEDEAL.OBJ
E:\桌面\CAR DETECTION\DEBUG\IMAGEDEAL1.OBJ
E:\桌面\CAR DETECTION\DEBUG\IMAGEDEAL2.OBJ
E:\桌面\CAR DETECTION\DEBUG\IMAGEDEAL3.OBJ
E:\桌面\CAR DETECTION\DEBUG\KIRSCHEDGEDETECT.OBJ
E:\桌面\CAR DETECTION\DEBUG\LINESIGNAL.OBJ
E:\桌面\CAR DETECTION\DEBUG\MAINFRM.OBJ
E:\桌面\CAR DETECTION\DEBUG\MATHMORPHOLOGY.OBJ
E:\桌面\CAR DETECTION\DEBUG\SETCHECKLINEDLG.OBJ
E:\桌面\CAR DETECTION\DEBUG\SETROADWAYPARADLG.OBJ
E:\桌面\CAR DETECTION\DEBUG\STDAFX.OBJ
E:\桌面\CAR DETECTION\DEBUG\TOTALPARAMETERVIEW.OBJ
E:\桌面\CAR DETECTION\DEBUG\TRANSFLOWPARA.OBJ
E:\桌面\CAR DETECTION\DEBUG\VC100.PDB
E:\桌面\CAR DETECTION\DEBUG\VEHICLEFLOWCOUNTER.EXE
E:\桌面\CAR DETECTION\DEBUG\VEHICLEFLOWCOUNTER.EXE.EMBED.MANIFEST
E:\桌面\CAR DETECTION\DEBUG\VEHICLEFLOWCOUNTER.EXE.EMBED.MANIFEST.RES
E:\桌面\CAR DETECTION\DEBUG\VEHICLEFLOWCOUNTER.EXE.INTERMEDIATE.MANIFEST
E:\桌面\CAR DETECTION\DEBUG\VEHICLEFLOWCOUNTER.ILK
E:\桌面\CAR DETECTION\DEBUG\VEHICLEFLOWCOUNTER.OBJ
E:\桌面\CAR DETECTION\DEBUG\VEHICLEFLOWCOUNTER.PCH
E:\桌面\CAR DETECTION\DEBUG\VEHICLEFLOWCOUNTER.PDB
E:\桌面\CAR DETECTION\DEBUG\VEHICLEFLOWCOUNTER.RES
E:\桌面\CAR DETECTION\DEBUG\VEHICLEFLOWCOUNTERDOC.OBJ
E:\桌面\CAR DETECTION\DEBUG\VEHICLEFLOWCOUNTERVIEW.OBJ
