Build started 2016/6/2 15:58:47.
     1>Project "D:\外面接手项目\卢老师车辆检测\car detection\VehicleFlowCounter.vcxproj" on node 2 (build target(s)).
     1>InitializeBuildStatus:
         Creating ".\Debug\VehicleFlowCounter.unsuccessfulbuild" because "AlwaysCreate" was specified.
       ClCompile:
         All outputs are up-to-date.
         F:\english_surface\english_vc\VC2010\VC\bin\CL.exe /c /ZI /nologo /W3 /WX- /Od /Oy- /D WIN32 /D _DEBUG /D _WINDOWS /D _VC80_UPGRADE=0x0600 /D _MBCS /D _AFXDLL /Gm /EHsc /RTC1 /MDd /GS /Gy- /fp:precise /Zc:wchar_t /Zc:forScope /Yu"stdafx.h" /Fp".\Debug\VehicleFlowCounter.pch" /Fo".\Debug\\" /Fd".\Debug\vc100.pdb" /Gd /TP /analyze- /errorReport:prompt ImageDeal.cpp LineSignal.cpp MainFrm.cpp SetRoadWayParaDlg.cpp
         SetRoadWayParaDlg.cpp
         MainFrm.cpp
         LineSignal.cpp
         ImageDeal.cpp
         Generating Code...
       ResourceCompile:
         All outputs are up-to-date.
       ManifestResourceCompile:
         All outputs are up-to-date.
       Link:
         F:\english_surface\english_vc\VC2010\VC\bin\link.exe /ERRORREPORT:PROMPT /OUT:".\Debug\VehicleFlowCounter.exe" /INCREMENTAL /NOLOGO vfw32.lib opencv_calib3d248.lib opencv_contrib248.lib opencv_core248.lib opencv_features2d248.lib opencv_flann248.lib opencv_gpu248.lib opencv_highgui248.lib opencv_imgproc248.lib opencv_legacy248.lib opencv_ml248d.lib opencv_objdetect248.lib opencv_ts248.lib opencv_video248.lib opencv_nonfree248.lib opencv_ocl248.lib opencv_photo248.lib opencv_stitching248.lib opencv_superres248.lib opencv_videostab248.lib opencv_calib3d248d.lib opencv_contrib248d.lib opencv_core248d.lib opencv_features2d248d.lib opencv_flann248d.lib opencv_gpu248d.lib opencv_highgui248d.lib opencv_imgproc248d.lib opencv_legacy248d.lib opencv_objdetect248d.lib opencv_ts248d.lib opencv_video248d.lib opencv_nonfree248d.lib opencv_ocl248d.lib opencv_photo248d.lib opencv_stitching248d.lib opencv_superres248d.lib opencv_videostab248d.lib /MANIFEST /ManifestFile:".\Debug\VehicleFlowCounter.exe.intermediate.manifest" /MANIFESTUAC:"level='asInvoker' uiAccess='false'" /DEBUG /PDB:"D:\外面接手项目\卢老师车辆检测\car detection\Debug\VehicleFlowCounter.pdb" /SUBSYSTEM:WINDOWS /TLBID:1 /DYNAMICBASE /NXCOMPAT /IMPLIB:".\Debug\VehicleFlowCounter.lib" /MACHINE:X86 .\Debug\VehicleFlowCounter.res
         .\Debug\VehicleFlowCounter.exe.embed.manifest.res
         .\Debug\AVIProducer.obj
         .\Debug\Dib.obj
         .\Debug\FrameRateDlg.obj
         .\Debug\ImageDeal.obj
         .\Debug\ImageDeal1.obj
         .\Debug\ImageDeal2.obj
         .\Debug\ImageDeal3.obj
         .\Debug\KirschEdgeDetect.obj
         .\Debug\LineSignal.obj
         .\Debug\MainFrm.obj
         .\Debug\MathMorphology.obj
         .\Debug\SetCheckLineDlg.obj
         .\Debug\SetRoadWayParaDlg.obj
         .\Debug\StdAfx.obj
         .\Debug\TotalParameterView.obj
         .\Debug\TransFlowPara.obj
         .\Debug\VehicleFlowCounter.obj
         .\Debug\VehicleFlowCounterDoc.obj
         .\Debug\VehicleFlowCounterView.obj
       Manifest:
         C:\Program Files (x86)\Microsoft SDKs\Windows\v7.0A\bin\mt.exe /nologo /verbose /out:".\Debug\VehicleFlowCounter.exe.embed.manifest" /manifest .\Debug\VehicleFlowCounter.exe.intermediate.manifest F:\english_surface\english_vc\VC2010\VC\Include\Manifest\dpiaware.manifest
         All outputs are up-to-date.
       LinkEmbedManifest:
         All outputs are up-to-date.
         VehicleFlowCounter.vcxproj -> D:\外面接手项目\卢老师车辆检测\car detection\.\Debug\VehicleFlowCounter.exe
       FinalizeBuildStatus:
         Deleting file ".\Debug\VehicleFlowCounter.unsuccessfulbuild".
         Touching ".\Debug\VehicleFlowCounter.lastbuildstate".
     1>Done Building Project "D:\外面接手项目\卢老师车辆检测\car detection\VehicleFlowCounter.vcxproj" (build target(s)).

Build succeeded.

Time Elapsed 00:00:00.71
